<?xml version="1.0" encoding="UTF-8"?>
<!-- Generated by org.testng.reporters.JUnitXMLReporter -->
<testsuite ignored="0" hostname="GCS93-PC" failures="0" tests="6" name="Test" time="43.817" errors="0" timestamp="2022-09-30T17:14:35 IST">
  <testcase classname="testData.BaseTest" name="@BeforeClass start" time="21.913">
    <failure type="org.openqa.selenium.SessionNotCreatedException" message="Could not start a new session. Response code 500. Message: An unknown server-side error occurred while processing the command. Original error: Could not proxy command to the remote server. Original error: socket hang up 
Host info: host: &amp;apos;GCS93-PC&amp;apos;, ip: &amp;apos;192.168.0.103&amp;apos;
Build info: version: &amp;apos;4.5.0&amp;apos;, revision: &amp;apos;fe167b119a&amp;apos;
System info: os.name: &amp;apos;Windows 10&amp;apos;, os.arch: &amp;apos;amd64&amp;apos;, os.version: &amp;apos;10.0&amp;apos;, java.version: &amp;apos;11.0.2&amp;apos;
Driver info: io.appium.java_client.android.AndroidDriver
Command: [null, newSession {capabilities=[{appium:app=D:\AppiumMobileAutomation\GoogleTaskTodoList\src\test\java\resources\google-Tasks.apk, appium:automationName=UiAutomator2, appium:deviceName=Pixel 4 XL API 31, platformName=ANDROID, appium:platformVersion=12.0}], desiredCapabilities=Capabilities {app: D:\AppiumMobileAutomation\G..., automationName: UiAutomator2, deviceName: Pixel 4 XL API 31, platformName: ANDROID, platformVersion: 12.0}}]
Capabilities {}">
      <![CDATA[org.openqa.selenium.SessionNotCreatedException: Could not start a new session. Response code 500. Message: An unknown server-side error occurred while processing the command. Original error: Could not proxy command to the remote server. Original error: socket hang up 
Host info: host: 'GCS93-PC', ip: '192.168.0.103'
Build info: version: '4.5.0', revision: 'fe167b119a'
System info: os.name: 'Windows 10', os.arch: 'amd64', os.version: '10.0', java.version: '11.0.2'
Driver info: io.appium.java_client.android.AndroidDriver
Command: [null, newSession {capabilities=[{appium:app=D:\AppiumMobileAutomation\GoogleTaskTodoList\src\test\java\resources\google-Tasks.apk, appium:automationName=UiAutomator2, appium:deviceName=Pixel 4 XL API 31, platformName=ANDROID, appium:platformVersion=12.0}], desiredCapabilities=Capabilities {app: D:\AppiumMobileAutomation\G..., automationName: UiAutomator2, deviceName: Pixel 4 XL API 31, platformName: ANDROID, platformVersion: 12.0}}]
Capabilities {}
at org.openqa.selenium.remote.ProtocolHandshake.createSession(ProtocolHandshake.java:144)
at io.appium.java_client.remote.AppiumProtocolHandshake.createSession(AppiumProtocolHandshake.java:126)
at io.appium.java_client.remote.AppiumProtocolHandshake.createSession(AppiumProtocolHandshake.java:102)
at io.appium.java_client.remote.AppiumCommandExecutor.createSession(AppiumCommandExecutor.java:146)
at io.appium.java_client.remote.AppiumCommandExecutor.execute(AppiumCommandExecutor.java:180)
at org.openqa.selenium.remote.RemoteWebDriver.execute(RemoteWebDriver.java:547)
at io.appium.java_client.AppiumDriver.startSession(AppiumDriver.java:224)
at org.openqa.selenium.remote.RemoteWebDriver.<init>(RemoteWebDriver.java:157)
at io.appium.java_client.AppiumDriver.<init>(AppiumDriver.java:79)
at io.appium.java_client.AppiumDriver.<init>(AppiumDriver.java:87)
at io.appium.java_client.android.AndroidDriver.<init>(AndroidDriver.java:116)
at testData.BaseTest.start(BaseTest.java:44)
at java.base/java.util.ArrayList.forEach(ArrayList.java:1540)
... Removed 29 stack frames]]>
    </failure>
  </testcase> <!-- @BeforeClass start -->
  <testcase classname="Appium.TodoList.ToDoTaskList" name="@BeforeMethod configure" time="-1.664538253076E9">
    <skipped/>
  </testcase> <!-- @BeforeMethod configure -->
  <testcase classname="Appium.TodoList.ToDoTaskList" name="@BeforeMethod configure" time="-1.664538253102E9">
    <skipped/>
  </testcase> <!-- @BeforeMethod configure -->
  <testcase classname="Appium.TodoList.ToDoTaskList" name="@BeforeMethod configure" time="-1.664538253159E9">
    <skipped/>
  </testcase> <!-- @BeforeMethod configure -->
  <testcase classname="testData.BaseTest" name="@BeforeClass start" time="21.591">
    <failure type="org.openqa.selenium.SessionNotCreatedException" message="Could not start a new session. Response code 500. Message: An unknown server-side error occurred while processing the command. Original error: Could not proxy command to the remote server. Original error: socket hang up 
Host info: host: &amp;apos;GCS93-PC&amp;apos;, ip: &amp;apos;192.168.0.103&amp;apos;
Build info: version: &amp;apos;4.5.0&amp;apos;, revision: &amp;apos;fe167b119a&amp;apos;
System info: os.name: &amp;apos;Windows 10&amp;apos;, os.arch: &amp;apos;amd64&amp;apos;, os.version: &amp;apos;10.0&amp;apos;, java.version: &amp;apos;11.0.2&amp;apos;
Driver info: io.appium.java_client.android.AndroidDriver
Command: [null, newSession {capabilities=[{appium:app=D:\AppiumMobileAutomation\GoogleTaskTodoList\src\test\java\resources\google-Tasks.apk, appium:automationName=UiAutomator2, appium:deviceName=Pixel 4 XL API 31, platformName=ANDROID, appium:platformVersion=12.0}], desiredCapabilities=Capabilities {app: D:\AppiumMobileAutomation\G..., automationName: UiAutomator2, deviceName: Pixel 4 XL API 31, platformName: ANDROID, platformVersion: 12.0}}]
Capabilities {}">
      <![CDATA[org.openqa.selenium.SessionNotCreatedException: Could not start a new session. Response code 500. Message: An unknown server-side error occurred while processing the command. Original error: Could not proxy command to the remote server. Original error: socket hang up 
Host info: host: 'GCS93-PC', ip: '192.168.0.103'
Build info: version: '4.5.0', revision: 'fe167b119a'
System info: os.name: 'Windows 10', os.arch: 'amd64', os.version: '10.0', java.version: '11.0.2'
Driver info: io.appium.java_client.android.AndroidDriver
Command: [null, newSession {capabilities=[{appium:app=D:\AppiumMobileAutomation\GoogleTaskTodoList\src\test\java\resources\google-Tasks.apk, appium:automationName=UiAutomator2, appium:deviceName=Pixel 4 XL API 31, platformName=ANDROID, appium:platformVersion=12.0}], desiredCapabilities=Capabilities {app: D:\AppiumMobileAutomation\G..., automationName: UiAutomator2, deviceName: Pixel 4 XL API 31, platformName: ANDROID, platformVersion: 12.0}}]
Capabilities {}
at org.openqa.selenium.remote.ProtocolHandshake.createSession(ProtocolHandshake.java:144)
at io.appium.java_client.remote.AppiumProtocolHandshake.createSession(AppiumProtocolHandshake.java:126)
at io.appium.java_client.remote.AppiumProtocolHandshake.createSession(AppiumProtocolHandshake.java:102)
at io.appium.java_client.remote.AppiumCommandExecutor.createSession(AppiumCommandExecutor.java:146)
at io.appium.java_client.remote.AppiumCommandExecutor.execute(AppiumCommandExecutor.java:180)
at org.openqa.selenium.remote.RemoteWebDriver.execute(RemoteWebDriver.java:547)
at io.appium.java_client.AppiumDriver.startSession(AppiumDriver.java:224)
at org.openqa.selenium.remote.RemoteWebDriver.<init>(RemoteWebDriver.java:157)
at io.appium.java_client.AppiumDriver.<init>(AppiumDriver.java:79)
at io.appium.java_client.AppiumDriver.<init>(AppiumDriver.java:87)
at io.appium.java_client.android.AndroidDriver.<init>(AndroidDriver.java:116)
at testData.BaseTest.start(BaseTest.java:44)
at java.base/java.util.ArrayList.forEach(ArrayList.java:1540)
... Removed 29 stack frames]]>
    </failure>
  </testcase> <!-- @BeforeClass start -->
  <testcase classname="Appium.TodoList.ToDoList" name="@BeforeMethod configure" time="-1.664538274807E9">
    <skipped/>
  </testcase> <!-- @BeforeMethod configure -->
  <testcase classname="Appium.TodoList.ToDoList" name="@BeforeMethod configure" time="-1.664538274818E9">
    <skipped/>
  </testcase> <!-- @BeforeMethod configure -->
  <testcase classname="Appium.TodoList.ToDoList" name="@BeforeMethod configure" time="-1.664538274838E9">
    <skipped/>
  </testcase> <!-- @BeforeMethod configure -->
  <testcase classname="Appium.TodoList.ToDoTaskList" name="CreateTask" time="0.0">
    <skipped/>
  </testcase> <!-- CreateTask -->
  <testcase classname="Appium.TodoList.ToDoTaskList" name="taskoperation" time="0.0">
    <skipped/>
  </testcase> <!-- taskoperation -->
  <testcase classname="Appium.TodoList.ToDoTaskList" name="deleteallCompletedTask" time="0.0">
    <skipped/>
  </testcase> <!-- deleteallCompletedTask -->
  <testcase classname="Appium.TodoList.ToDoList" name="CreateNewList" time="0.0">
    <skipped/>
  </testcase> <!-- CreateNewList -->
  <testcase classname="Appium.TodoList.ToDoList" name="RenameList" time="0.0">
    <skipped/>
  </testcase> <!-- RenameList -->
  <testcase classname="Appium.TodoList.ToDoList" name="DeleteList" time="0.0">
    <skipped/>
  </testcase> <!-- DeleteList -->
</testsuite> <!-- Test -->
