<?xml version="1.0" encoding="UTF-8"?>
<!-- Generated by org.testng.reporters.JUnitXMLReporter -->
<testsuite ignored="0" hostname="GCS93-PC" failures="0" tests="2" name="Error Test" time="60.25" errors="0" timestamp="2022-08-25T11:18:16 IST">
  <testcase classname="Appium.appiumframewokdesign.eCommerenceTest1" name="FillForm_ErrorMessage" time="8.637"/>
  <testcase classname="Appium.appiumframewokdesign.eCommerenceTest1" name="FillForm_PositiveFlow" time="19.492"/>
</testsuite> <!-- Error Test -->
