<?xml version="1.0" encoding="UTF-8"?>
<!-- Generated by org.testng.reporters.JUnitXMLReporter -->
<testsuite ignored="2" hostname="GCS93-PC" failures="0" tests="3" name="Car Loan" time="0.179" errors="0" timestamp="2022-08-26T16:11:17 IST">
  <testcase classname="test.Day3" name="APIAppiumloginCar" time="0.025"/>
  <testcase classname="test.Day3" name="APIMobileloginCar" time="0.009"/>
  <testcase classname="test.Day3" name="APIWebloginCar" time="0.005"/>
  <testcase classname="test.Day3" name="AppiumloginCar" time="0.0">
    <ignored/>
  </testcase> <!-- AppiumloginCar -->
  <testcase classname="test.Day3" name="WebloginCar" time="0.0">
    <ignored/>
  </testcase> <!-- WebloginCar -->
</testsuite> <!-- Car Loan -->
