<?xml version="1.0" encoding="UTF-8"?>
<!-- Generated by org.testng.reporters.JUnitXMLReporter -->
<testsuite ignored="0" hostname="GCS93-PC" failures="0" tests="7" name="Personal Loan" time="0.199" errors="0" timestamp="2022-08-26T16:11:17 IST">
  <testcase classname="test.Day1" name="demo" time="0.022"/>
  <testcase classname="test.Day1" name="demo1" time="0.014"/>
  <testcase classname="test.Day2" name="demo1" time="0.001"/>
  <testcase classname="test.Day2" name="demo2" time="0.004"/>
  <testcase classname="test.Day4" name="AppiumloginHomeLoan" time="0.005"/>
  <testcase classname="test.Day4" name="MobileloginHomeLoan" time="0.023"/>
  <testcase classname="test.Day4" name="WebloginHomeLoan" time="0.003"/>
</testsuite> <!-- Personal Loan -->
