<?xml version="1.0" encoding="UTF-8"?>
<testng-results ignored="0" total="1" passed="1" failed="0" skipped="0">
  <reporter-output>
  </reporter-output>
  <suite started-at="2022-08-23T14:04:59 IST" name="Default suite" finished-at="2022-08-23T14:05:23 IST" duration-ms="23443">
    <groups>
    </groups>
    <test started-at="2022-08-23T14:04:59 IST" name="Default test" finished-at="2022-08-23T14:05:23 IST" duration-ms="23443">
      <class name="appium.DragAndDropGesture">
        <test-method is-config="true" signature="start()[pri:0, instance:appium.DragAndDropGesture@6e0f5f7f]" started-at="2022-08-23T14:04:59 IST" name="start" finished-at="2022-08-23T14:05:18 IST" duration-ms="18954" status="PASS">
          <reporter-output>
          </reporter-output>
        </test-method> <!-- start -->
        <test-method signature="swipeDemo()[pri:0, instance:appium.DragAndDropGesture@6e0f5f7f]" started-at="2022-08-23T14:05:18 IST" name="swipeDemo" finished-at="2022-08-23T14:05:23 IST" duration-ms="4432" status="PASS">
          <reporter-output>
          </reporter-output>
        </test-method> <!-- swipeDemo -->
      </class> <!-- appium.DragAndDropGesture -->
    </test> <!-- Default test -->
  </suite> <!-- Default suite -->
</testng-results>
