<?xml version="1.0" encoding="UTF-8"?>
<testng-results ignored="0" total="1" passed="1" failed="0" skipped="0">
  <reporter-output>
  </reporter-output>
  <suite started-at="2022-08-23T13:57:52 IST" name="Default suite" finished-at="2022-08-23T13:58:00 IST" duration-ms="7911">
    <groups>
    </groups>
    <test started-at="2022-08-23T13:57:52 IST" name="Default test" finished-at="2022-08-23T13:58:00 IST" duration-ms="7911">
      <class name="Appium.ExtentReport.ExtentReport">
        <test-method is-config="true" signature="config()[pri:0, instance:Appium.ExtentReport.ExtentReport@26e356f0]" started-at="2022-08-23T13:57:52 IST" name="config" finished-at="2022-08-23T13:57:53 IST" duration-ms="553" status="PASS">
          <reporter-output>
          </reporter-output>
        </test-method> <!-- config -->
        <test-method signature="initialCode()[pri:0, instance:Appium.ExtentReport.ExtentReport@26e356f0]" started-at="2022-08-23T13:57:53 IST" name="initialCode" finished-at="2022-08-23T13:58:00 IST" duration-ms="7303" status="PASS">
          <reporter-output>
          </reporter-output>
        </test-method> <!-- initialCode -->
      </class> <!-- Appium.ExtentReport.ExtentReport -->
    </test> <!-- Default test -->
  </suite> <!-- Default suite -->
</testng-results>
