<?xml version="1.0" encoding="UTF-8"?>
<testng-results ignored="0" total="1" passed="1" failed="0" skipped="0">
  <reporter-output>
  </reporter-output>
  <suite started-at="2022-09-16T13:40:18 IST" name="Default suite" finished-at="2022-09-16T13:41:13 IST" duration-ms="54169">
    <groups>
    </groups>
    <test started-at="2022-09-16T13:40:18 IST" name="Default test" finished-at="2022-09-16T13:41:13 IST" duration-ms="54169">
      <class name="Appium.launchChromeBrowser.DemoTest">
        <test-method is-config="true" signature="init()[pri:0, instance:Appium.launchChromeBrowser.DemoTest@19e4653c]" started-at="2022-09-16T13:40:18 IST" name="init" finished-at="2022-09-16T13:40:47 IST" duration-ms="28164" status="PASS">
          <reporter-output>
          </reporter-output>
        </test-method> <!-- init -->
        <test-method signature="launchCrome()[pri:0, instance:Appium.launchChromeBrowser.DemoTest@19e4653c]" started-at="2022-09-16T13:40:47 IST" name="launchCrome" finished-at="2022-09-16T13:41:13 IST" duration-ms="25917" status="PASS">
          <reporter-output>
          </reporter-output>
        </test-method> <!-- launchCrome -->
      </class> <!-- Appium.launchChromeBrowser.DemoTest -->
    </test> <!-- Default test -->
  </suite> <!-- Default suite -->
</testng-results>
