<?xml version="1.0" encoding="UTF-8"?>
<!-- Generated by org.testng.reporters.JUnitXMLReporter -->
<testsuite ignored="0" hostname="GCS93-PC" failures="0" tests="2" name="End to end Framework Test" time="210.248" errors="0" timestamp="2022-08-23T10:43:44 IST">
  <testcase classname="Appium.appiumframewokdesign.eCommerce_tc_4_Hybrid" name="FillForm" time="90.122"/>
  <testcase classname="Appium.appiumframewokdesign.eCommerce_tc_4_Hybrid" name="FillForm" time="64.902"/>
</testsuite> <!-- End to end Framework Test -->
