<?xml version="1.0" encoding="UTF-8"?>
<!-- Generated by org.testng.reporters.JUnitXMLReporter -->
<testsuite ignored="0" hostname="GCS93-PC" failures="0" tests="3" name="Default test" time="59.334" errors="0" timestamp="2022-09-12T18:02:23 IST">
  <testcase classname="Appium.TodoList.ToDoTaskList" name="CreateTask" time="19.826"/>
  <testcase classname="Appium.TodoList.ToDoTaskList" name="taskoperation" time="10.525"/>
  <testcase classname="Appium.TodoList.ToDoTaskList" name="deleteallCompletedTask" time="10.704"/>
</testsuite> <!-- Default test -->
