<?xml version="1.0" encoding="UTF-8"?>
<!-- Generated by org.testng.reporters.JUnitXMLReporter -->
<testsuite ignored="0" hostname="GCS93-PC" failures="0" tests="2" name="Default test" time="49.568" errors="0" timestamp="2022-08-23T11:57:29 IST">
  <testcase classname="Appium.appiumframewokdesign.eCommerenceTest1" name="FillForm_ErrorMessage" time="7.767"/>
  <testcase classname="Appium.appiumframewokdesign.eCommerenceTest1" name="FillForm_PositiveFlow" time="18.025"/>
</testsuite> <!-- Default test -->
