<?xml version="1.0" encoding="UTF-8"?>
<testsuite xmlns:xsi="http://www.w3.org/2001/XMLSchema-instance" xsi:noNamespaceSchemaLocation="https://maven.apache.org/surefire/maven-surefire-plugin/xsd/surefire-test-report-3.0.xsd" version="3.0" name="TestSuite" time="220.163" tests="4" errors="0" skipped="0" failures="0">
  <properties>
[...]
</properties>
  <testcase name="FillForm[{name=rahul shetty, country=Argentina, gender=male}](1)" classname="Appium.appiumframewokdesign.eCommerce_tc_4_Hybrid" time="67.426">
    <system-out><![CDATA[2
1
NATIVE_APP
WEBVIEW_com.androidsample.generalstore
]]></system-out>
    <system-err><![CDATA[SLF4J: Failed to load class "org.slf4j.impl.StaticLoggerBinder".
SLF4J: Defaulting to no-operation (NOP) logger implementation
SLF4J: See http://www.slf4j.org/codes.html#StaticLoggerBinder for further details.
]]></system-err>
  </testcase>
  <testcase name="FillForm[{name=rahul shetty, country=Argentina, gender=female}](2)" classname="Appium.appiumframewokdesign.eCommerce_tc_4_Hybrid" time="60.429">
    <system-out><![CDATA[2
1
NATIVE_APP
WEBVIEW_com.androidsample.generalstore
]]></system-out>
  </testcase>
  <testcase name="FillForm_ErrorMessage" classname="Appium.appiumframewokdesign.eCommerenceTest1" time="8.659">
    <system-out><![CDATA[Please enter your name
]]></system-out>
  </testcase>
  <testcase name="FillForm_PositiveFlow" classname="Appium.appiumframewokdesign.eCommerenceTest1" time="19.492"/>
</testsuite>